<?xml version="1.0" encoding="UTF-8"?>
<testng-results skipped="3" failed="1" ignored="0" total="7" passed="3">
  <reporter-output>
  </reporter-output>
  <suite name="All Test Suite" duration-ms="151573" started-at="2025-02-20T04:50:41Z" finished-at="2025-02-20T04:53:13Z">
    <groups>
    </groups>
    <test name="C:/Users/Administrator/IdeaProjects/com.lemon.webtest" duration-ms="151573" started-at="2025-02-20T04:50:41Z" finished-at="2025-02-20T04:53:13Z">
      <class name="webtest.logontestcase.logon">
        <test-method status="PASS" signature="setuptest(java.lang.String)[pri:0, instance:webtest.logontestcase.logon@2b43529a]" name="setuptest" is-config="true" duration-ms="22284" started-at="2025-02-20T04:50:42Z" finished-at="2025-02-20T04:51:04Z">
          <params>
            <param index="0">
              <value>
                <![CDATA[firefox]]>
              </value>
            </param>
          </params>
          <reporter-output>
          </reporter-output>
        </test-method> <!-- setuptest -->
        <test-method status="PASS" signature="failedPasswordTest(java.lang.String, java.lang.String, java.lang.String)[pri:0, instance:webtest.logontestcase.logon@2b43529a]" name="failedPasswordTest" duration-ms="1108" started-at="2025-02-20T04:51:05Z" data-provider="pwdErrorData" finished-at="2025-02-20T04:51:06Z">
          <params>
            <param index="0">
              <value>
                <![CDATA[3422]]>
              </value>
            </param>
            <param index="1">
              <value>
                <![CDATA[11233]]>
              </value>
            </param>
            <param index="2">
              <value>
                <![CDATA[账号或密码不正确]]>
              </value>
            </param>
          </params>
          <reporter-output>
          </reporter-output>
        </test-method> <!-- failedPasswordTest -->
        <test-method status="PASS" signature="teardowntest()[pri:0, instance:webtest.logontestcase.logon@2b43529a]" name="teardowntest" is-config="true" duration-ms="2088" started-at="2025-02-20T04:51:06Z" finished-at="2025-02-20T04:51:08Z">
          <reporter-output>
          </reporter-output>
        </test-method> <!-- teardowntest -->
        <test-method status="PASS" signature="setuptest(java.lang.String)[pri:0, instance:webtest.logontestcase.logon@2b43529a]" name="setuptest" is-config="true" duration-ms="15613" started-at="2025-02-20T04:51:08Z" finished-at="2025-02-20T04:51:23Z">
          <params>
            <param index="0">
              <value>
                <![CDATA[firefox]]>
              </value>
            </param>
          </params>
          <reporter-output>
          </reporter-output>
        </test-method> <!-- setuptest -->
        <test-method status="PASS" signature="failedUsernameTest(java.lang.String, java.lang.String, java.lang.String)[pri:0, instance:webtest.logontestcase.logon@2b43529a]" name="failedUsernameTest" duration-ms="2701" started-at="2025-02-20T04:51:23Z" data-provider="failureData" finished-at="2025-02-20T04:51:26Z">
          <params>
            <param index="0">
              <value>
                <![CDATA[123]]>
              </value>
            </param>
            <param index="1">
              <value>
                <![CDATA[112332]]>
              </value>
            </param>
            <param index="2">
              <value>
                <![CDATA[账号为4~16位字母、数字或下划线]]>
              </value>
            </param>
          </params>
          <reporter-output>
          </reporter-output>
        </test-method> <!-- failedUsernameTest -->
        <test-method status="PASS" signature="teardowntest()[pri:0, instance:webtest.logontestcase.logon@2b43529a]" name="teardowntest" is-config="true" duration-ms="1882" started-at="2025-02-20T04:51:26Z" finished-at="2025-02-20T04:51:28Z">
          <reporter-output>
          </reporter-output>
        </test-method> <!-- teardowntest -->
        <test-method status="PASS" signature="setuptest(java.lang.String)[pri:0, instance:webtest.logontestcase.logon@2b43529a]" name="setuptest" is-config="true" duration-ms="16175" started-at="2025-02-20T04:51:28Z" finished-at="2025-02-20T04:51:44Z">
          <params>
            <param index="0">
              <value>
                <![CDATA[firefox]]>
              </value>
            </param>
          </params>
          <reporter-output>
          </reporter-output>
        </test-method> <!-- setuptest -->
        <test-method status="SKIP" signature="failedUsernameTest(java.lang.String, java.lang.String, java.lang.String)[pri:0, instance:webtest.logontestcase.logon@2b43529a]" name="failedUsernameTest" duration-ms="732" started-at="2025-02-20T04:51:44Z" data-provider="failureData" finished-at="2025-02-20T04:51:45Z">
          <params>
            <param index="0">
              <value>
                <![CDATA[186]]>
              </value>
            </param>
            <param index="1">
              <value>
                <![CDATA[22343411]]>
              </value>
            </param>
            <param index="2">
              <value>
                <![CDATA[账号或密码不正确]]>
              </value>
            </param>
          </params>
          <exception class="java.lang.AssertionError">
            <message>
              <![CDATA[expected [账号或密码不正确] but found [账号为4~16位字母、数字或下划线]]]>
            </message>
            <full-stacktrace>
              <![CDATA[java.lang.AssertionError: expected [账号或密码不正确] but found [账号为4~16位字母、数字或下划线]
at org.testng.Assert.fail(Assert.java:96)
at org.testng.Assert.failNotEquals(Assert.java:776)
at org.testng.Assert.assertEqualsImpl(Assert.java:137)
at org.testng.Assert.assertEquals(Assert.java:118)
at org.testng.Assert.assertEquals(Assert.java:453)
at org.testng.Assert.assertEquals(Assert.java:463)
at webtest.logontestcase.logon.failedUsernameTest(logon.java:93)
at sun.reflect.NativeMethodAccessorImpl.invoke0(Native Method)
at sun.reflect.NativeMethodAccessorImpl.invoke(NativeMethodAccessorImpl.java:62)
at sun.reflect.DelegatingMethodAccessorImpl.invoke(DelegatingMethodAccessorImpl.java:43)
at java.lang.reflect.Method.invoke(Method.java:498)
at org.testng.internal.MethodInvocationHelper.invokeMethod(MethodInvocationHelper.java:124)
at org.testng.internal.MethodInvocationHelper$1.runTestMethod(MethodInvocationHelper.java:230)
at listener.allureReportListener.run(allureReportListener.java:15)
at org.testng.internal.MethodInvocationHelper.invokeHookable(MethodInvocationHelper.java:242)
at org.testng.internal.Invoker.invokeMethod(Invoker.java:579)
at org.testng.internal.Invoker.invokeTestMethod(Invoker.java:719)
at org.testng.internal.Invoker.invokeTestMethods(Invoker.java:989)
at org.testng.internal.TestMethodWorker.invokeTestMethods(TestMethodWorker.java:125)
at org.testng.internal.TestMethodWorker.run(TestMethodWorker.java:109)
at org.testng.TestRunner.privateRun(TestRunner.java:648)
at org.testng.TestRunner.run(TestRunner.java:505)
at org.testng.SuiteRunner.runTest(SuiteRunner.java:455)
at org.testng.SuiteRunner.runSequentially(SuiteRunner.java:450)
at org.testng.SuiteRunner.privateRun(SuiteRunner.java:415)
at org.testng.SuiteRunner.run(SuiteRunner.java:364)
at org.testng.SuiteRunnerWorker.runSuite(SuiteRunnerWorker.java:52)
at org.testng.SuiteRunnerWorker.run(SuiteRunnerWorker.java:84)
at org.testng.TestNG.runSuitesSequentially(TestNG.java:1208)
at org.testng.TestNG.runSuitesLocally(TestNG.java:1137)
at org.testng.TestNG.runSuites(TestNG.java:1049)
at org.testng.TestNG.run(TestNG.java:1017)
at com.intellij.rt.testng.IDEARemoteTestNG.run(IDEARemoteTestNG.java:65)
at com.intellij.rt.testng.RemoteTestNGStarter.main(RemoteTestNGStarter.java:105)
]]>
            </full-stacktrace>
          </exception> <!-- java.lang.AssertionError -->
          <reporter-output>
          </reporter-output>
        </test-method> <!-- failedUsernameTest -->
        <test-method status="PASS" signature="teardowntest()[pri:0, instance:webtest.logontestcase.logon@2b43529a]" name="teardowntest" is-config="true" duration-ms="1690" started-at="2025-02-20T04:51:45Z" finished-at="2025-02-20T04:51:47Z">
          <reporter-output>
          </reporter-output>
        </test-method> <!-- teardowntest -->
        <test-method status="PASS" signature="setuptest(java.lang.String)[pri:0, instance:webtest.logontestcase.logon@2b43529a]" name="setuptest" is-config="true" duration-ms="15916" started-at="2025-02-20T04:51:47Z" finished-at="2025-02-20T04:52:03Z">
          <params>
            <param index="0">
              <value>
                <![CDATA[firefox]]>
              </value>
            </param>
          </params>
          <reporter-output>
          </reporter-output>
        </test-method> <!-- setuptest -->
        <test-method status="SKIP" signature="failedUsernameTest(java.lang.String, java.lang.String, java.lang.String)[pri:0, instance:webtest.logontestcase.logon@2b43529a]" name="failedUsernameTest" duration-ms="794" started-at="2025-02-20T04:52:03Z" data-provider="failureData" finished-at="2025-02-20T04:52:04Z">
          <params>
            <param index="0">
              <value>
                <![CDATA[186]]>
              </value>
            </param>
            <param index="1">
              <value>
                <![CDATA[22343411]]>
              </value>
            </param>
            <param index="2">
              <value>
                <![CDATA[账号或密码不正确]]>
              </value>
            </param>
          </params>
          <exception class="java.lang.AssertionError">
            <message>
              <![CDATA[expected [账号或密码不正确] but found [账号为4~16位字母、数字或下划线]]]>
            </message>
            <full-stacktrace>
              <![CDATA[java.lang.AssertionError: expected [账号或密码不正确] but found [账号为4~16位字母、数字或下划线]
at org.testng.Assert.fail(Assert.java:96)
at org.testng.Assert.failNotEquals(Assert.java:776)
at org.testng.Assert.assertEqualsImpl(Assert.java:137)
at org.testng.Assert.assertEquals(Assert.java:118)
at org.testng.Assert.assertEquals(Assert.java:453)
at org.testng.Assert.assertEquals(Assert.java:463)
at webtest.logontestcase.logon.failedUsernameTest(logon.java:93)
at sun.reflect.NativeMethodAccessorImpl.invoke0(Native Method)
at sun.reflect.NativeMethodAccessorImpl.invoke(NativeMethodAccessorImpl.java:62)
at sun.reflect.DelegatingMethodAccessorImpl.invoke(DelegatingMethodAccessorImpl.java:43)
at java.lang.reflect.Method.invoke(Method.java:498)
at org.testng.internal.MethodInvocationHelper.invokeMethod(MethodInvocationHelper.java:124)
at org.testng.internal.MethodInvocationHelper$1.runTestMethod(MethodInvocationHelper.java:230)
at listener.allureReportListener.run(allureReportListener.java:15)
at org.testng.internal.MethodInvocationHelper.invokeHookable(MethodInvocationHelper.java:242)
at org.testng.internal.Invoker.invokeMethod(Invoker.java:579)
at org.testng.internal.Invoker.retryFailed(Invoker.java:839)
at org.testng.internal.Invoker.invokeTestMethods(Invoker.java:1010)
at org.testng.internal.TestMethodWorker.invokeTestMethods(TestMethodWorker.java:125)
at org.testng.internal.TestMethodWorker.run(TestMethodWorker.java:109)
at org.testng.TestRunner.privateRun(TestRunner.java:648)
at org.testng.TestRunner.run(TestRunner.java:505)
at org.testng.SuiteRunner.runTest(SuiteRunner.java:455)
at org.testng.SuiteRunner.runSequentially(SuiteRunner.java:450)
at org.testng.SuiteRunner.privateRun(SuiteRunner.java:415)
at org.testng.SuiteRunner.run(SuiteRunner.java:364)
at org.testng.SuiteRunnerWorker.runSuite(SuiteRunnerWorker.java:52)
at org.testng.SuiteRunnerWorker.run(SuiteRunnerWorker.java:84)
at org.testng.TestNG.runSuitesSequentially(TestNG.java:1208)
at org.testng.TestNG.runSuitesLocally(TestNG.java:1137)
at org.testng.TestNG.runSuites(TestNG.java:1049)
at org.testng.TestNG.run(TestNG.java:1017)
at com.intellij.rt.testng.IDEARemoteTestNG.run(IDEARemoteTestNG.java:65)
at com.intellij.rt.testng.RemoteTestNGStarter.main(RemoteTestNGStarter.java:105)
]]>
            </full-stacktrace>
          </exception> <!-- java.lang.AssertionError -->
          <reporter-output>
          </reporter-output>
        </test-method> <!-- failedUsernameTest -->
        <test-method status="PASS" signature="teardowntest()[pri:0, instance:webtest.logontestcase.logon@2b43529a]" name="teardowntest" is-config="true" duration-ms="3259" started-at="2025-02-20T04:52:04Z" finished-at="2025-02-20T04:52:07Z">
          <reporter-output>
          </reporter-output>
        </test-method> <!-- teardowntest -->
        <test-method status="PASS" signature="setuptest(java.lang.String)[pri:0, instance:webtest.logontestcase.logon@2b43529a]" name="setuptest" is-config="true" duration-ms="16080" started-at="2025-02-20T04:52:07Z" finished-at="2025-02-20T04:52:23Z">
          <params>
            <param index="0">
              <value>
                <![CDATA[firefox]]>
              </value>
            </param>
          </params>
          <reporter-output>
          </reporter-output>
        </test-method> <!-- setuptest -->
        <test-method status="SKIP" signature="failedUsernameTest(java.lang.String, java.lang.String, java.lang.String)[pri:0, instance:webtest.logontestcase.logon@2b43529a]" name="failedUsernameTest" duration-ms="804" started-at="2025-02-20T04:52:23Z" data-provider="failureData" finished-at="2025-02-20T04:52:24Z">
          <params>
            <param index="0">
              <value>
                <![CDATA[186]]>
              </value>
            </param>
            <param index="1">
              <value>
                <![CDATA[22343411]]>
              </value>
            </param>
            <param index="2">
              <value>
                <![CDATA[账号或密码不正确]]>
              </value>
            </param>
          </params>
          <exception class="java.lang.AssertionError">
            <message>
              <![CDATA[expected [账号或密码不正确] but found [账号为4~16位字母、数字或下划线]]]>
            </message>
            <full-stacktrace>
              <![CDATA[java.lang.AssertionError: expected [账号或密码不正确] but found [账号为4~16位字母、数字或下划线]
at org.testng.Assert.fail(Assert.java:96)
at org.testng.Assert.failNotEquals(Assert.java:776)
at org.testng.Assert.assertEqualsImpl(Assert.java:137)
at org.testng.Assert.assertEquals(Assert.java:118)
at org.testng.Assert.assertEquals(Assert.java:453)
at org.testng.Assert.assertEquals(Assert.java:463)
at webtest.logontestcase.logon.failedUsernameTest(logon.java:93)
at sun.reflect.NativeMethodAccessorImpl.invoke0(Native Method)
at sun.reflect.NativeMethodAccessorImpl.invoke(NativeMethodAccessorImpl.java:62)
at sun.reflect.DelegatingMethodAccessorImpl.invoke(DelegatingMethodAccessorImpl.java:43)
at java.lang.reflect.Method.invoke(Method.java:498)
at org.testng.internal.MethodInvocationHelper.invokeMethod(MethodInvocationHelper.java:124)
at org.testng.internal.MethodInvocationHelper$1.runTestMethod(MethodInvocationHelper.java:230)
at listener.allureReportListener.run(allureReportListener.java:15)
at org.testng.internal.MethodInvocationHelper.invokeHookable(MethodInvocationHelper.java:242)
at org.testng.internal.Invoker.invokeMethod(Invoker.java:579)
at org.testng.internal.Invoker.retryFailed(Invoker.java:839)
at org.testng.internal.Invoker.invokeTestMethods(Invoker.java:1010)
at org.testng.internal.TestMethodWorker.invokeTestMethods(TestMethodWorker.java:125)
at org.testng.internal.TestMethodWorker.run(TestMethodWorker.java:109)
at org.testng.TestRunner.privateRun(TestRunner.java:648)
at org.testng.TestRunner.run(TestRunner.java:505)
at org.testng.SuiteRunner.runTest(SuiteRunner.java:455)
at org.testng.SuiteRunner.runSequentially(SuiteRunner.java:450)
at org.testng.SuiteRunner.privateRun(SuiteRunner.java:415)
at org.testng.SuiteRunner.run(SuiteRunner.java:364)
at org.testng.SuiteRunnerWorker.runSuite(SuiteRunnerWorker.java:52)
at org.testng.SuiteRunnerWorker.run(SuiteRunnerWorker.java:84)
at org.testng.TestNG.runSuitesSequentially(TestNG.java:1208)
at org.testng.TestNG.runSuitesLocally(TestNG.java:1137)
at org.testng.TestNG.runSuites(TestNG.java:1049)
at org.testng.TestNG.run(TestNG.java:1017)
at com.intellij.rt.testng.IDEARemoteTestNG.run(IDEARemoteTestNG.java:65)
at com.intellij.rt.testng.RemoteTestNGStarter.main(RemoteTestNGStarter.java:105)
]]>
            </full-stacktrace>
          </exception> <!-- java.lang.AssertionError -->
          <reporter-output>
          </reporter-output>
        </test-method> <!-- failedUsernameTest -->
        <test-method status="PASS" signature="teardowntest()[pri:0, instance:webtest.logontestcase.logon@2b43529a]" name="teardowntest" is-config="true" duration-ms="2061" started-at="2025-02-20T04:52:24Z" finished-at="2025-02-20T04:52:26Z">
          <reporter-output>
          </reporter-output>
        </test-method> <!-- teardowntest -->
        <test-method status="PASS" signature="setuptest(java.lang.String)[pri:0, instance:webtest.logontestcase.logon@2b43529a]" name="setuptest" is-config="true" duration-ms="15911" started-at="2025-02-20T04:52:26Z" finished-at="2025-02-20T04:52:42Z">
          <params>
            <param index="0">
              <value>
                <![CDATA[firefox]]>
              </value>
            </param>
          </params>
          <reporter-output>
          </reporter-output>
        </test-method> <!-- setuptest -->
        <test-method status="FAIL" signature="failedUsernameTest(java.lang.String, java.lang.String, java.lang.String)[pri:0, instance:webtest.logontestcase.logon@2b43529a]" name="failedUsernameTest" duration-ms="859" started-at="2025-02-20T04:52:42Z" data-provider="failureData" finished-at="2025-02-20T04:52:43Z">
          <params>
            <param index="0">
              <value>
                <![CDATA[186]]>
              </value>
            </param>
            <param index="1">
              <value>
                <![CDATA[22343411]]>
              </value>
            </param>
            <param index="2">
              <value>
                <![CDATA[账号或密码不正确]]>
              </value>
            </param>
          </params>
          <exception class="java.lang.AssertionError">
            <message>
              <![CDATA[expected [账号或密码不正确] but found [账号为4~16位字母、数字或下划线]]]>
            </message>
            <full-stacktrace>
              <![CDATA[java.lang.AssertionError: expected [账号或密码不正确] but found [账号为4~16位字母、数字或下划线]
at org.testng.Assert.fail(Assert.java:96)
at org.testng.Assert.failNotEquals(Assert.java:776)
at org.testng.Assert.assertEqualsImpl(Assert.java:137)
at org.testng.Assert.assertEquals(Assert.java:118)
at org.testng.Assert.assertEquals(Assert.java:453)
at org.testng.Assert.assertEquals(Assert.java:463)
at webtest.logontestcase.logon.failedUsernameTest(logon.java:93)
at sun.reflect.NativeMethodAccessorImpl.invoke0(Native Method)
at sun.reflect.NativeMethodAccessorImpl.invoke(NativeMethodAccessorImpl.java:62)
at sun.reflect.DelegatingMethodAccessorImpl.invoke(DelegatingMethodAccessorImpl.java:43)
at java.lang.reflect.Method.invoke(Method.java:498)
at org.testng.internal.MethodInvocationHelper.invokeMethod(MethodInvocationHelper.java:124)
at org.testng.internal.MethodInvocationHelper$1.runTestMethod(MethodInvocationHelper.java:230)
at listener.allureReportListener.run(allureReportListener.java:15)
at org.testng.internal.MethodInvocationHelper.invokeHookable(MethodInvocationHelper.java:242)
at org.testng.internal.Invoker.invokeMethod(Invoker.java:579)
at org.testng.internal.Invoker.retryFailed(Invoker.java:839)
at org.testng.internal.Invoker.invokeTestMethods(Invoker.java:1010)
at org.testng.internal.TestMethodWorker.invokeTestMethods(TestMethodWorker.java:125)
at org.testng.internal.TestMethodWorker.run(TestMethodWorker.java:109)
at org.testng.TestRunner.privateRun(TestRunner.java:648)
at org.testng.TestRunner.run(TestRunner.java:505)
at org.testng.SuiteRunner.runTest(SuiteRunner.java:455)
at org.testng.SuiteRunner.runSequentially(SuiteRunner.java:450)
at org.testng.SuiteRunner.privateRun(SuiteRunner.java:415)
at org.testng.SuiteRunner.run(SuiteRunner.java:364)
at org.testng.SuiteRunnerWorker.runSuite(SuiteRunnerWorker.java:52)
at org.testng.SuiteRunnerWorker.run(SuiteRunnerWorker.java:84)
at org.testng.TestNG.runSuitesSequentially(TestNG.java:1208)
at org.testng.TestNG.runSuitesLocally(TestNG.java:1137)
at org.testng.TestNG.runSuites(TestNG.java:1049)
at org.testng.TestNG.run(TestNG.java:1017)
at com.intellij.rt.testng.IDEARemoteTestNG.run(IDEARemoteTestNG.java:65)
at com.intellij.rt.testng.RemoteTestNGStarter.main(RemoteTestNGStarter.java:105)
]]>
            </full-stacktrace>
          </exception> <!-- java.lang.AssertionError -->
          <reporter-output>
          </reporter-output>
        </test-method> <!-- failedUsernameTest -->
        <test-method status="PASS" signature="teardowntest()[pri:0, instance:webtest.logontestcase.logon@2b43529a]" name="teardowntest" is-config="true" duration-ms="1898" started-at="2025-02-20T04:52:43Z" finished-at="2025-02-20T04:52:45Z">
          <reporter-output>
          </reporter-output>
        </test-method> <!-- teardowntest -->
        <test-method status="PASS" signature="setuptest(java.lang.String)[pri:0, instance:webtest.logontestcase.logon@2b43529a]" name="setuptest" is-config="true" duration-ms="17492" started-at="2025-02-20T04:52:45Z" finished-at="2025-02-20T04:53:03Z">
          <params>
            <param index="0">
              <value>
                <![CDATA[firefox]]>
              </value>
            </param>
          </params>
          <reporter-output>
          </reporter-output>
        </test-method> <!-- setuptest -->
        <test-method status="PASS" signature="logontestcase(java.lang.String, java.lang.String, java.lang.String)[pri:1, instance:webtest.logontestcase.logon@2b43529a]" name="logontestcase" duration-ms="7644" started-at="2025-02-20T04:53:03Z" data-provider="pwdSuccessData" finished-at="2025-02-20T04:53:10Z">
          <params>
            <param index="0">
              <value>
                <![CDATA[18629486979]]>
              </value>
            </param>
            <param index="1">
              <value>
                <![CDATA[Annika123!]]>
              </value>
            </param>
            <param index="2">
              <value>
                <![CDATA[18629486979]]>
              </value>
            </param>
          </params>
          <reporter-output>
          </reporter-output>
        </test-method> <!-- logontestcase -->
        <test-method status="PASS" signature="teardowntest()[pri:0, instance:webtest.logontestcase.logon@2b43529a]" name="teardowntest" is-config="true" duration-ms="2557" started-at="2025-02-20T04:53:10Z" finished-at="2025-02-20T04:53:13Z">
          <reporter-output>
          </reporter-output>
        </test-method> <!-- teardowntest -->
      </class> <!-- webtest.logontestcase.logon -->
    </test> <!-- C:/Users/Administrator/IdeaProjects/com.lemon.webtest -->
  </suite> <!-- All Test Suite -->
</testng-results>
