<?xml version="1.0" encoding="UTF-8"?>
<!-- Generated by org.testng.reporters.JUnitXMLReporter -->
<testsuite hostname="PC-20220901VTOZ" ignored="0" name="com.lemon.webtest" tests="4" failures="0" timestamp="19 二月 2025 08:45:45 GMT" time="0.875" errors="0">
  <testcase name="@BeforeMethod setuptest" time="0.0" classname="webtest.logontestcase.logon">
    <failure type="org.testng.TestNGException" message="
Parameter &amp;apos;browserName&amp;apos; is required by BeforeMethod on method setuptest but has not been marked @Optional or defined
in C:\Users\Administrator\AppData\Local\JetBrains\IntelliJIdea2024.3\temp-testng-customsuite.xml">
      <![CDATA[org.testng.TestNGException: 
Parameter 'browserName' is required by BeforeMethod on method setuptest but has not been marked @Optional or defined
in C:\Users\Administrator\AppData\Local\JetBrains\IntelliJIdea2024.3\temp-testng-customsuite.xml
at com.intellij.rt.testng.IDEARemoteTestNG.run(IDEARemoteTestNG.java:65)
at com.intellij.rt.testng.RemoteTestNGStarter.main(RemoteTestNGStarter.java:105)
... Removed 22 stack frames]]>
    </failure>
  </testcase> <!-- @BeforeMethod setuptest -->
  <testcase name="@AfterMethod teardowntest" time="0.0" classname="webtest.logontestcase.logon">
    <skipped/>
  </testcase> <!-- @AfterMethod teardowntest -->
  <testcase name="@BeforeMethod setuptest" time="0.0" classname="webtest.logontestcase.logon">
    <skipped/>
  </testcase> <!-- @BeforeMethod setuptest -->
  <testcase name="@AfterMethod teardowntest" time="0.0" classname="webtest.logontestcase.logon">
    <skipped/>
  </testcase> <!-- @AfterMethod teardowntest -->
  <testcase name="@BeforeMethod setuptest" time="0.0" classname="webtest.logontestcase.logon">
    <skipped/>
  </testcase> <!-- @BeforeMethod setuptest -->
  <testcase name="@AfterMethod teardowntest" time="0.0" classname="webtest.logontestcase.logon">
    <skipped/>
  </testcase> <!-- @AfterMethod teardowntest -->
  <testcase name="@BeforeMethod setuptest" time="0.0" classname="webtest.logontestcase.logon">
    <skipped/>
  </testcase> <!-- @BeforeMethod setuptest -->
  <testcase name="@AfterMethod teardowntest" time="0.0" classname="webtest.logontestcase.logon">
    <skipped/>
  </testcase> <!-- @AfterMethod teardowntest -->
  <testcase name="failedPasswordTest" time="0.0" classname="webtest.logontestcase.logon">
    <skipped/>
  </testcase> <!-- failedPasswordTest -->
  <testcase name="failedUsernameTest" time="0.0" classname="webtest.logontestcase.logon">
    <skipped/>
  </testcase> <!-- failedUsernameTest -->
  <testcase name="failedUsernameTest" time="0.0" classname="webtest.logontestcase.logon">
    <skipped/>
  </testcase> <!-- failedUsernameTest -->
  <testcase name="logontestcase" time="0.0" classname="webtest.logontestcase.logon">
    <skipped/>
  </testcase> <!-- logontestcase -->
</testsuite> <!-- com.lemon.webtest -->
